{
  "stats": {
    "suites": 1,
    "tests": 1,
    "passes": 0,
    "pending": 0,
    "failures": 1,
    "start": "2023-09-05T17:33:35.975Z",
    "end": "2023-09-05T17:33:49.363Z",
    "duration": 13388,
    "testsRegistered": 1,
    "passPercent": 0,
    "pendingPercent": 0,
    "other": 0,
    "hasOther": false,
    "skipped": 0,
    "hasSkipped": false
  },
  "results": [
    {
      "uuid": "eef67fcf-2497-40a5-a5ea-9cb12f0bc9b5",
      "title": "",
      "fullFile": "cypress\\e2e\\tabs.js",
      "file": "cypress\\e2e\\tabs.js",
      "beforeHooks": [],
      "afterHooks": [],
      "tests": [],
      "suites": [
        {
          "uuid": "872e5710-d05c-4cf5-a89c-057efd509242",
          "title": "practicing eq method",
          "fullFile": "",
          "file": "",
          "beforeHooks": [],
          "afterHooks": [],
          "tests": [
            {
              "title": "How to click new tab:opening a new window",
              "fullTitle": "practicing eq method How to click new tab:opening a new window",
              "timedOut": null,
              "duration": 4532,
              "state": "failed",
              "speed": null,
              "pass": false,
              "fail": true,
              "pending": false,
              "context": null,
              "code": "cy.visit('https://the-internet.herokuapp.com/windows');\ncy.get('.example').invoke('removeAttrbb', 'target').click();\n/* In order to handle multiple tabs I will use invoke method\n  to remove target attribute so that it can open on the same page -->\n  --> : how to click button 'Click Here'for opening a new window in app\n   by automation Robot */",
              "err": {
                "message": "CypressError: Timed out retrying after 4000ms: `cy.invoke()` errored because the property: `removeAttrbb` does not exist on your subject.\n\n`cy.invoke()` waited for the specified property `removeAttrbb` to exist, but it never did.\n\nIf you do not expect the property `removeAttrbb` to exist, then add an assertion such as:\n\n`cy.wrap({ foo: 'bar' }).its('quux').should('not.exist')`\n\nhttps://on.cypress.io/invoke",
                "estack": "CypressError: Timed out retrying after 4000ms: `cy.invoke()` errored because the property: `removeAttrbb` does not exist on your subject.\n\n`cy.invoke()` waited for the specified property `removeAttrbb` to exist, but it never did.\n\nIf you do not expect the property `removeAttrbb` to exist, then add an assertion such as:\n\n`cy.wrap({ foo: 'bar' }).its('quux').should('not.exist')`\n\nhttps://on.cypress.io/invoke\n    at <unknown> (https://the-internet.herokuapp.com/__cypress/runner/cypress_runner.js:135789:80)\n    at <unknown> (https://the-internet.herokuapp.com/__cypress/runner/cypress_runner.js:135851:7)\n    at Object.subjectFn (https://the-internet.herokuapp.com/__cypress/runner/cypress_runner.js:149847:16)\n    at $Cy.verifyUpcomingAssertions (https://the-internet.herokuapp.com/__cypress/runner/cypress_runner.js:131084:31)\n    at onRetry (https://the-internet.herokuapp.com/__cypress/runner/cypress_runner.js:149838:15)\n    at tryCatcher (https://the-internet.herokuapp.com/__cypress/runner/cypress_runner.js:8914:23)\n    at Promise.attempt.Promise.try (https://the-internet.herokuapp.com/__cypress/runner/cypress_runner.js:6188:29)\n    at whenStable (https://the-internet.herokuapp.com/__cypress/runner/cypress_runner.js:146728:65)\n    at <unknown> (https://the-internet.herokuapp.com/__cypress/runner/cypress_runner.js:146169:14)\n    at tryCatcher (https://the-internet.herokuapp.com/__cypress/runner/cypress_runner.js:8914:23)\n    at Promise._settlePromiseFromHandler (https://the-internet.herokuapp.com/__cypress/runner/cypress_runner.js:6849:31)\n    at Promise._settlePromise (https://the-internet.herokuapp.com/__cypress/runner/cypress_runner.js:6906:18)\n    at Promise._settlePromise0 (https://the-internet.herokuapp.com/__cypress/runner/cypress_runner.js:6951:10)\n    at Promise._settlePromises (https://the-internet.herokuapp.com/__cypress/runner/cypress_runner.js:7031:18)\n    at Promise._fulfill (https://the-internet.herokuapp.com/__cypress/runner/cypress_runner.js:6975:18)\n    at <unknown> (https://the-internet.herokuapp.com/__cypress/runner/cypress_runner.js:8589:46)\nFrom Your Spec Code:\n    at Context.eval (cypress/e2e/tabs.js:10:31)",
                "diff": null
              },
              "uuid": "5a44dc0d-08bc-42ae-8852-13c80bd026b8",
              "parentUUID": "872e5710-d05c-4cf5-a89c-057efd509242",
              "isHook": false,
              "skipped": false
            }
          ],
          "suites": [],
          "passes": [],
          "failures": [
            "5a44dc0d-08bc-42ae-8852-13c80bd026b8"
          ],
          "pending": [],
          "skipped": [],
          "duration": 4532,
          "root": false,
          "rootEmpty": false,
          "_timeout": 2000
        }
      ],
      "passes": [],
      "failures": [],
      "pending": [],
      "skipped": [],
      "duration": 0,
      "root": true,
      "rootEmpty": true,
      "_timeout": 2000
    }
  ],
  "meta": {
    "mocha": {
      "version": "7.0.1"
    },
    "mochawesome": {
      "options": {
        "quiet": false,
        "reportFilename": "mochawesome",
        "saveHtml": true,
        "saveJson": true,
        "consoleReporter": "spec",
        "useInlineDiffs": false,
        "code": true
      },
      "version": "7.1.3"
    },
    "marge": {
      "options": null,
      "version": "6.2.0"
    }
  }
}